<?xml version="1.0" encoding="UTF-8"?>
<!-- Generated by org.testng.reporters.JUnitReportReporter -->
<testsuite hostname="DESKTOP-T3C81C9" failures="0" tests="1" name="com.qa.pages.BaseTest" time="8.525" errors="0" timestamp="2021-08-08T20:14:01 EEST" skipped="0">
  <testcase classname="com.qa.pages.BaseTest" name="beforeMethod" time="8.525"/>
  <system-out/>
</testsuite> <!-- com.qa.pages.BaseTest -->
